<?xml version="1.0" encoding="UTF-8"?>
<!-- Generated by org.testng.reporters.JUnitXMLReporter -->
<testsuite ignored="0" hostname="DESKTOP-Q4P3GCQ" failures="1" tests="1" name="Surefire test" time="4.342" errors="0" timestamp="2025-08-24T21:13:59 IST">
  <testcase classname="io.cucumber.testng.AbstractTestNGCucumberTests" name="runScenario" time="3.753">
    <failure type="io.cucumber.testng.UndefinedStepException" message="The step &amp;apos;Log in to the site using VK@mail.com and &amp;quot;iQc#fRS377n8j_9&amp;quot;&amp;apos; and 3 other step(s) are undefined.
You can implement these steps using the snippet(s) below:

@Given(&amp;quot;Log in to the site using VK@mail.com and {string}&amp;quot;)
public void log_in_to_the_site_using_vk_mail_com_and(String string) {
    // Write code here that turns the phrase above into concrete actions
    throw new io.cucumber.java.PendingException();
}
@When(&amp;quot;I add Atlas Fitness Tank M Blue to cart&amp;quot;)
public void i_add_atlas_fitness_tank_m_blue_to_cart() {
    // Write code here that turns the phrase above into concrete actions
    throw new io.cucumber.java.PendingException();
}
@When(&amp;quot;Navigate to checkout page and place order Fixed&amp;quot;)
public void navigate_to_checkout_page_and_place_order_fixed() {
    // Write code here that turns the phrase above into concrete actions
    throw new io.cucumber.java.PendingException();
}
@Then(&amp;quot;order placed message is displayed&amp;quot;)
public void order_placed_message_is_displayed() {
    // Write code here that turns the phrase above into concrete actions
    throw new io.cucumber.java.PendingException();
}
">
      <![CDATA[io.cucumber.testng.UndefinedStepException: The step 'Log in to the site using VK@mail.com and "iQc#fRS377n8j_9"' and 3 other step(s) are undefined.
You can implement these steps using the snippet(s) below:

@Given("Log in to the site using VK@mail.com and {string}")
public void log_in_to_the_site_using_vk_mail_com_and(String string) {
    // Write code here that turns the phrase above into concrete actions
    throw new io.cucumber.java.PendingException();
}
@When("I add Atlas Fitness Tank M Blue to cart")
public void i_add_atlas_fitness_tank_m_blue_to_cart() {
    // Write code here that turns the phrase above into concrete actions
    throw new io.cucumber.java.PendingException();
}
@When("Navigate to checkout page and place order Fixed")
public void navigate_to_checkout_page_and_place_order_fixed() {
    // Write code here that turns the phrase above into concrete actions
    throw new io.cucumber.java.PendingException();
}
@Then("order placed message is displayed")
public void order_placed_message_is_displayed() {
    // Write code here that turns the phrase above into concrete actions
    throw new io.cucumber.java.PendingException();
}

at ✽.Log in to the site using VK@mail.com and "iQc#fRS377n8j_9"(file:///C:/Users/VARUN/BDD/Selenium/src/test/java/HybridFrameWork/cucumber/placeOrder.feature:10)
]]>
    </failure>
  </testcase> <!-- runScenario -->
</testsuite> <!-- Surefire test -->
