<?xml version="1.0" encoding="UTF-8"?>
<!-- Generated by org.testng.reporters.JUnitXMLReporter -->
<testsuite ignored="1" hostname="DESKTOP-Q4P3GCQ" failures="0" tests="2" name="Default test" time="166.482" errors="0" timestamp="2025-08-01T11:15:14 IST">
  <testcase classname="HybridFrameWork.Tests.placeOrder" name="orderPlacement" time="71.523"/>
  <testcase classname="HybridFrameWork.Tests.placeOrder" name="orderPlacement" time="66.04"/>
  <testcase classname="HybridFrameWork.Tests.placeOrder" name="getOrderNumber" time="0.0">
    <ignored/>
  </testcase> <!-- getOrderNumber -->
</testsuite> <!-- Default test -->
