<?xml version="1.0" encoding="UTF-8"?>
<!-- Generated by org.testng.reporters.JUnitXMLReporter -->
<testsuite ignored="2" hostname="DESKTOP-Q4P3GCQ" failures="0" tests="1" name="Smoke Testing" time="69.054" errors="0" timestamp="2025-06-02T10:25:53 IST">
  <testcase classname="HybridFrameWork.Tests.placeOrder" name="orderPlacement" time="62.136"/>
  <testcase classname="HybridFrameWork.Tests.placeOrder" name="getOrderNumber" time="0.0">
    <ignored/>
  </testcase> <!-- getOrderNumber -->
  <testcase classname="HybridFrameWork.Tests.errorScenarios" name="invalidLogin" time="0.0">
    <ignored/>
  </testcase> <!-- invalidLogin -->
</testsuite> <!-- Smoke Testing -->
