<?xml version="1.0" encoding="UTF-8"?>
<!-- Generated by org.testng.reporters.JUnitXMLReporter -->
<testsuite ignored="3" hostname="DESKTOP-Q4P3GCQ" failures="0" tests="0" time="0.009" errors="0" timestamp="2025-06-02T10:06:15 IST">
  <testcase classname="HybridFrameWork.Tests.placeOrder" name="orderPlacement" time="0.0">
    <ignored/>
  </testcase> <!-- orderPlacement -->
  <testcase classname="HybridFrameWork.Tests.errorScenarios" name="invalidLogin" time="0.0">
    <ignored/>
  </testcase> <!-- invalidLogin -->
  <testcase classname="HybridFrameWork.Tests.placeOrder" name="getOrderNumber" time="0.0">
    <ignored/>
  </testcase> <!-- getOrderNumber -->
</testsuite>
