<?xml version="1.0" encoding="UTF-8"?>
<testng-results ignored="0" total="1" passed="1" failed="0" skipped="0">
  <reporter-output>
  </reporter-output>
  <suite started-at="2025-08-18T10:08:42 IST" name="Suite" finished-at="2025-08-18T10:09:00 IST" duration-ms="18373">
    <groups>
      <group name="Smoke">
        <method signature="placeOrder.orderPlacement(java.util.HashMap)[pri:0, instance:HybridFrameWork.Tests.placeOrder@5a59ca5e]" name="orderPlacement" class="HybridFrameWork.Tests.placeOrder"/>
      </group> <!-- Smoke -->
    </groups>
    <test started-at="2025-08-18T10:08:42 IST" name="Error validation" finished-at="2025-08-18T10:09:00 IST" duration-ms="18373">
      <class name="HybridFrameWork.Tests.errorScenarios">
        <test-method is-config="true" signature="launchApplication()[pri:0, instance:HybridFrameWork.Tests.errorScenarios@f68f0dc]" started-at="2025-08-18T10:08:42 IST" name="launchApplication" finished-at="2025-08-18T10:08:55 IST" duration-ms="13082" status="PASS">
          <reporter-output>
          </reporter-output>
        </test-method> <!-- launchApplication -->
        <test-method signature="invalidLogin()[pri:0, instance:HybridFrameWork.Tests.errorScenarios@f68f0dc]" started-at="2025-08-18T10:08:55 IST" name="invalidLogin" finished-at="2025-08-18T10:09:00 IST" duration-ms="5121" status="PASS">
          <reporter-output>
          </reporter-output>
        </test-method> <!-- invalidLogin -->
        <test-method is-config="true" signature="tearDown()[pri:0, instance:HybridFrameWork.Tests.errorScenarios@f68f0dc]" started-at="2025-08-18T10:09:00 IST" name="tearDown" finished-at="2025-08-18T10:09:00 IST" duration-ms="104" status="PASS">
          <reporter-output>
          </reporter-output>
        </test-method> <!-- tearDown -->
      </class> <!-- HybridFrameWork.Tests.errorScenarios -->
    </test> <!-- Error validation -->
  </suite> <!-- Suite -->
</testng-results>
