<?xml version="1.0" encoding="UTF-8"?>
<testng-results ignored="0" total="1" passed="1" failed="0" skipped="0">
  <reporter-output>
  </reporter-output>
  <suite started-at="2025-08-06T18:01:03 IST" name="Suite" finished-at="2025-08-06T18:01:14 IST" duration-ms="11264">
    <groups>
      <group name="Smoke">
        <method signature="placeOrder.orderPlacement(java.util.HashMap)[pri:0, instance:HybridFrameWork.Tests.placeOrder@38af9828]" name="orderPlacement" class="HybridFrameWork.Tests.placeOrder"/>
      </group> <!-- Smoke -->
    </groups>
    <test started-at="2025-08-06T18:01:03 IST" name="Error validation" finished-at="2025-08-06T18:01:14 IST" duration-ms="11264">
      <class name="HybridFrameWork.Tests.errorScenarios">
        <test-method is-config="true" signature="launchApplication()[pri:0, instance:HybridFrameWork.Tests.errorScenarios@44be0077]" started-at="2025-08-06T18:01:03 IST" name="launchApplication" finished-at="2025-08-06T18:01:09 IST" duration-ms="6708" status="PASS">
          <reporter-output>
          </reporter-output>
        </test-method> <!-- launchApplication -->
        <test-method signature="invalidLogin()[pri:0, instance:HybridFrameWork.Tests.errorScenarios@44be0077]" started-at="2025-08-06T18:01:09 IST" name="invalidLogin" finished-at="2025-08-06T18:01:14 IST" duration-ms="4404" status="PASS">
          <reporter-output>
          </reporter-output>
        </test-method> <!-- invalidLogin -->
        <test-method is-config="true" signature="tearDown()[pri:0, instance:HybridFrameWork.Tests.errorScenarios@44be0077]" started-at="2025-08-06T18:01:14 IST" name="tearDown" finished-at="2025-08-06T18:01:14 IST" duration-ms="101" status="PASS">
          <reporter-output>
          </reporter-output>
        </test-method> <!-- tearDown -->
        <test-method is-config="true" signature="tearDown1()[pri:0, instance:HybridFrameWork.Tests.errorScenarios@44be0077]" started-at="2025-08-06T18:02:18 IST" name="tearDown1" finished-at="2025-08-06T18:02:18 IST" duration-ms="40" status="PASS">
          <reporter-output>
          </reporter-output>
        </test-method> <!-- tearDown1 -->
      </class> <!-- HybridFrameWork.Tests.errorScenarios -->
    </test> <!-- Error validation -->
  </suite> <!-- Suite -->
</testng-results>
