<?xml version="1.0" encoding="UTF-8"?>
<testng-results ignored="0" total="0" passed="0" failed="0" skipped="0">
  <reporter-output>
  </reporter-output>
  <suite started-at="2025-08-26T23:43:35 IST" name="Suite" finished-at="2025-08-26T23:43:35 IST" duration-ms="0">
    <groups>
      <group name="Smoke">
        <method signature="placeOrder.orderPlacement(java.util.HashMap)[pri:0, instance:HybridFrameWork.Tests.placeOrder@2462cb01]" name="orderPlacement" class="HybridFrameWork.Tests.placeOrder"/>
      </group> <!-- Smoke -->
    </groups>
  </suite> <!-- Suite -->
</testng-results>
