<?xml version="1.0" encoding="UTF-8"?>
<!-- Generated by org.testng.reporters.JUnitReportReporter -->
<testsuite hostname="DESKTOP-Q4P3GCQ" failures="0" tests="1" name="HyridFrameWork.TestRunner.testCase_PlaceOrder" time="3.564" errors="1" timestamp="2025-08-24T21:13:22 IST" skipped="0">
  <testcase classname="HyridFrameWork.TestRunner.testCase_PlaceOrder" name="runScenario" time="3.564">
    <error message="The step &#039;Log in to the site using VK@mail.com and &quot;iQc#fRS377n8j_9&quot;&#039; and 3 other step(s) are undefined.
You can implement these steps using the snippet(s) below:

@Given(&quot;Log in to the site using VK@mail.com and {string}&quot;)
public void log_in_to_the_site_using_vk_mail_com_and(String string) {
    // Write code here that turns the phrase above into concrete actions
    throw new io.cucumber.java.PendingException();
}
@When(&quot;I add Atlas Fitness Tank M Blue to cart&quot;)
public void i_add_atlas_fitness_tank_m_blue_to_cart() {
    // Write code here that turns the phrase above into concrete actions
    throw new io.cucumber.java.PendingException();
}
@When(&quot;Navigate to checkout page and place order Fixed&quot;)
public void navigate_to_checkout_page_and_place_order_fixed() {
    // Write code here that turns the phrase above into concrete actions
    throw new io.cucumber.java.PendingException();
}
@Then(&quot;order placed message is displayed&quot;)
public void order_placed_message_is_displayed() {
    // Write code here that turns the phrase above into concrete actions
    throw new io.cucumber.java.PendingException();
}
" type="io.cucumber.testng.UndefinedStepException">
      <![CDATA[io.cucumber.testng.UndefinedStepException: The step 'Log in to the site using VK@mail.com and "iQc#fRS377n8j_9"' and 3 other step(s) are undefined.
You can implement these steps using the snippet(s) below:

@Given("Log in to the site using VK@mail.com and {string}")
public void log_in_to_the_site_using_vk_mail_com_and(String string) {
    // Write code here that turns the phrase above into concrete actions
    throw new io.cucumber.java.PendingException();
}
@When("I add Atlas Fitness Tank M Blue to cart")
public void i_add_atlas_fitness_tank_m_blue_to_cart() {
    // Write code here that turns the phrase above into concrete actions
    throw new io.cucumber.java.PendingException();
}
@When("Navigate to checkout page and place order Fixed")
public void navigate_to_checkout_page_and_place_order_fixed() {
    // Write code here that turns the phrase above into concrete actions
    throw new io.cucumber.java.PendingException();
}
@Then("order placed message is displayed")
public void order_placed_message_is_displayed() {
    // Write code here that turns the phrase above into concrete actions
    throw new io.cucumber.java.PendingException();
}

at ✽.Log in to the site using VK@mail.com and "iQc#fRS377n8j_9"(file:///C:/Users/VARUN/BDD/Selenium/src/test/java/HybridFrameWork/cucumber/placeOrder.feature:10)
]]>
    </error>
  </testcase> <!-- runScenario -->
</testsuite> <!-- HyridFrameWork.TestRunner.testCase_PlaceOrder -->
