<?xml version="1.0" encoding="UTF-8"?>
<!-- Generated by org.testng.reporters.JUnitReportReporter -->
<testsuite hostname="DESKTOP-Q4P3GCQ" failures="0" tests="2" name="HybridFrameWork.Tests.placeOrder" time="166.119" errors="0" timestamp="2025-08-01T11:15:14 IST" skipped="0">
  <testcase classname="HybridFrameWork.Tests.placeOrder" name="orderPlacement" time="89.027"/>
  <testcase classname="HybridFrameWork.Tests.placeOrder" name="orderPlacement" time="77.092"/>
</testsuite> <!-- HybridFrameWork.Tests.placeOrder -->
